This is pdfTeX, Version 3.14159265-2.6-1.40.20 (TeX Live 2019/Debian) (preloaded format=pdflatex 2021.11.15)  26 JAN 2022 10:47
entering extended mode
 restricted \write18 enabled.
 %&-line parsing enabled.
**PrestigeBias.tex
(./PrestigeBias.tex
LaTeX2e <2020-02-02> patch level 2
L3 programming layer <2020-02-14>
(/usr/share/texlive/texmf-dist/tex/latex/base/article.cls
Document Class: article 2019/12/20 v1.4l Standard LaTeX document class
(/usr/share/texlive/texmf-dist/tex/latex/base/size11.clo
File: size11.clo 2019/12/20 v1.4l Standard LaTeX file (size option)
)
\c@part=\count167
\c@section=\count168
\c@subsection=\count169
\c@subsubsection=\count170
\c@paragraph=\count171
\c@subparagraph=\count172
\c@figure=\count173
\c@table=\count174
\abovecaptionskip=\skip47
\belowcaptionskip=\skip48
\bibindent=\dimen134
)
(/usr/share/texlive/texmf-dist/tex/latex/geometry/geometry.sty
Package: geometry 2020/01/02 v5.9 Page Geometry

(/usr/share/texlive/texmf-dist/tex/latex/graphics/keyval.sty
Package: keyval 2014/10/28 v1.15 key=value parser (DPC)
\KV@toks@=\toks14
)
(/usr/share/texlive/texmf-dist/tex/generic/iftex/ifvtex.sty
Package: ifvtex 2019/10/25 v1.7 ifvtex legacy package. Use iftex instead.

(/usr/share/texlive/texmf-dist/tex/generic/iftex/iftex.sty
Package: iftex 2019/11/07 v1.0c TeX engine tests
))
\Gm@cnth=\count175
\Gm@cntv=\count176
\c@Gm@tempcnt=\count177
\Gm@bindingoffset=\dimen135
\Gm@wd@mp=\dimen136
\Gm@odd@mp=\dimen137
\Gm@even@mp=\dimen138
\Gm@layoutwidth=\dimen139
\Gm@layoutheight=\dimen140
\Gm@layouthoffset=\dimen141
\Gm@layoutvoffset=\dimen142
\Gm@dimlist=\toks15
)
(/usr/share/texlive/texmf-dist/tex/latex/graphics/graphicx.sty
Package: graphicx 2019/11/30 v1.2a Enhanced LaTeX Graphics (DPC,SPQR)

(/usr/share/texlive/texmf-dist/tex/latex/graphics/graphics.sty
Package: graphics 2019/11/30 v1.4a Standard LaTeX Graphics (DPC,SPQR)

(/usr/share/texlive/texmf-dist/tex/latex/graphics/trig.sty
Package: trig 2016/01/03 v1.10 sin cos tan (DPC)
)
(/usr/share/texlive/texmf-dist/tex/latex/graphics-cfg/graphics.cfg
File: graphics.cfg 2016/06/04 v1.11 sample graphics configuration
)
Package graphics Info: Driver file: pdftex.def on input line 105.

(/usr/share/texlive/texmf-dist/tex/latex/graphics-def/pdftex.def
File: pdftex.def 2018/01/08 v1.0l Graphics/color driver for pdftex
))
\Gin@req@height=\dimen143
\Gin@req@width=\dimen144
)
(/usr/share/texlive/texmf-dist/tex/latex/amscls/amsthm.sty
Package: amsthm 2017/10/31 v2.20.4
\thm@style=\toks16
\thm@bodyfont=\toks17
\thm@headfont=\toks18
\thm@notefont=\toks19
\thm@headpunct=\toks20
\thm@preskip=\skip49
\thm@postskip=\skip50
\thm@headsep=\skip51
\dth@everypar=\toks21
)
(/usr/share/texlive/texmf-dist/tex/latex/amsmath/amsmath.sty
Package: amsmath 2020/01/20 v2.17e AMS math features
\@mathmargin=\skip52

For additional information on amsmath, use the `?' option.
(/usr/share/texlive/texmf-dist/tex/latex/amsmath/amstext.sty
Package: amstext 2000/06/29 v2.01 AMS text

(/usr/share/texlive/texmf-dist/tex/latex/amsmath/amsgen.sty
File: amsgen.sty 1999/11/30 v2.0 generic functions
\@emptytoks=\toks22
\ex@=\dimen145
))
(/usr/share/texlive/texmf-dist/tex/latex/amsmath/amsbsy.sty
Package: amsbsy 1999/11/29 v1.2d Bold Symbols
\pmbraise@=\dimen146
)
(/usr/share/texlive/texmf-dist/tex/latex/amsmath/amsopn.sty
Package: amsopn 2016/03/08 v2.02 operator names
)
\inf@bad=\count178
LaTeX Info: Redefining \frac on input line 227.
\uproot@=\count179
\leftroot@=\count180
LaTeX Info: Redefining \overline on input line 389.
\classnum@=\count181
\DOTSCASE@=\count182
LaTeX Info: Redefining \ldots on input line 486.
LaTeX Info: Redefining \dots on input line 489.
LaTeX Info: Redefining \cdots on input line 610.
\Mathstrutbox@=\box45
\strutbox@=\box46
\big@size=\dimen147
LaTeX Font Info:    Redeclaring font encoding OML on input line 733.
LaTeX Font Info:    Redeclaring font encoding OMS on input line 734.
\macc@depth=\count183
\c@MaxMatrixCols=\count184
\dotsspace@=\muskip16
\c@parentequation=\count185
\dspbrk@lvl=\count186
\tag@help=\toks23
\row@=\count187
\column@=\count188
\maxfields@=\count189
\andhelp@=\toks24
\eqnshift@=\dimen148
\alignsep@=\dimen149
\tagshift@=\dimen150
\tagwidth@=\dimen151
\totwidth@=\dimen152
\lineht@=\dimen153
\@envbody=\toks25
\multlinegap=\skip53
\multlinetaggap=\skip54
\mathdisplay@stack=\toks26
LaTeX Info: Redefining \[ on input line 2859.
LaTeX Info: Redefining \] on input line 2860.
)
(/usr/share/texlive/texmf-dist/tex/latex/amsfonts/amssymb.sty
Package: amssymb 2013/01/14 v3.01 AMS font symbols

(/usr/share/texlive/texmf-dist/tex/latex/amsfonts/amsfonts.sty
Package: amsfonts 2013/01/14 v3.01 Basic AMSFonts support
\symAMSa=\mathgroup4
\symAMSb=\mathgroup5
LaTeX Font Info:    Redeclaring math symbol \hbar on input line 98.
LaTeX Font Info:    Overwriting math alphabet `\mathfrak' in version `bold'
(Font)                  U/euf/m/n --> U/euf/b/n on input line 106.
))
(/usr/share/texlive/texmf-dist/tex/latex/caption/caption.sty
Package: caption 2020/01/03 v3.4h Customizing captions (AR)

(/usr/share/texlive/texmf-dist/tex/latex/caption/caption3.sty
Package: caption3 2020/01/03 v1.8h caption3 kernel (AR)
Package caption3 Info: TeX engine: e-TeX on input line 61.
\captionmargin=\dimen154
\captionmargin@=\dimen155
\captionwidth=\dimen156
\caption@tempdima=\dimen157
\caption@indent=\dimen158
\caption@parindent=\dimen159
\caption@hangindent=\dimen160
Package caption Info: Standard document class detected.
)
\c@caption@flags=\count190
\c@continuedfloat=\count191
)
(/usr/share/texlive/texmf-dist/tex/latex/caption/subcaption.sty
Package: subcaption 2020/01/22 v1.3d Sub-captions (AR)
\c@subfigure=\count192
\c@subtable=\count193
)
(/usr/share/texlive/texmf-dist/tex/latex/setspace/setspace.sty
Package: setspace 2011/12/19 v6.7a set line spacing
)
(/usr/share/texlive/texmf-dist/tex/latex/units/units.sty
Package: units 1998/08/04 v0.9b Typesetting units

(/usr/share/texlive/texmf-dist/tex/latex/base/ifthen.sty
Package: ifthen 2014/09/29 v1.1c Standard LaTeX ifthen package (DPC)
)
(/usr/share/texlive/texmf-dist/tex/latex/units/nicefrac.sty
Package: nicefrac 1998/08/04 v0.9b Nice fractions
\L@UnitsRaiseDisplaystyle=\skip55
\L@UnitsRaiseTextstyle=\skip56
\L@UnitsRaiseScriptstyle=\skip57
LaTeX Info: Redefining \nicefrac on input line 131.
))
(/usr/share/texlive/texmf-dist/tex/latex/tools/array.sty
Package: array 2019/08/31 v2.4l Tabular extension package (FMi)
\col@sep=\dimen161
\ar@mcellbox=\box47
\extrarowheight=\dimen162
\NC@list=\toks27
\extratabsurround=\skip58
\backup@length=\skip59
\ar@cellbox=\box48
)
(/usr/share/texlive/texmf-dist/tex/generic/genmisc/nth.sty
Package: nth 2002/02/27
)
(/usr/share/texlive/texmf-dist/tex/latex/float/float.sty
Package: float 2001/11/08 v1.3d Float enhancements (AL)
\c@float@type=\count194
\float@exts=\toks28
\float@box=\box49
\@float@everytoks=\toks29
\@floatcapt=\box50
)
(/usr/share/texlive/texmf-dist/tex/latex/mathtools/mathtools.sty
Package: mathtools 2020/01/17 v1.23 mathematical typesetting tools

(/usr/share/texlive/texmf-dist/tex/latex/tools/calc.sty
Package: calc 2017/05/25 v4.3 Infix arithmetic (KKT,FJ)
\calc@Acount=\count195
\calc@Bcount=\count196
\calc@Adimen=\dimen163
\calc@Bdimen=\dimen164
\calc@Askip=\skip60
\calc@Bskip=\skip61
LaTeX Info: Redefining \setlength on input line 80.
LaTeX Info: Redefining \addtolength on input line 81.
\calc@Ccount=\count197
\calc@Cskip=\skip62
)
(/usr/share/texlive/texmf-dist/tex/latex/mathtools/mhsetup.sty
Package: mhsetup 2017/03/31 v1.3 programming setup (MH)
)
LaTeX Info: Thecontrolsequence`\('isalreadyrobust on input line 129.
LaTeX Info: Thecontrolsequence`\)'isalreadyrobust on input line 129.
LaTeX Info: Thecontrolsequence`\['isalreadyrobust on input line 129.
LaTeX Info: Thecontrolsequence`\]'isalreadyrobust on input line 129.
\g_MT_multlinerow_int=\count198
\l_MT_multwidth_dim=\dimen165
\origjot=\skip63
\l_MT_shortvdotswithinadjustabove_dim=\dimen166
\l_MT_shortvdotswithinadjustbelow_dim=\dimen167
\l_MT_above_intertext_sep=\dimen168
\l_MT_below_intertext_sep=\dimen169
\l_MT_above_shortintertext_sep=\dimen170
\l_MT_below_shortintertext_sep=\dimen171
)
(/usr/share/texlive/texmf-dist/tex/latex/lineno/lineno.sty
Package: lineno 2005/11/02 line numbers on paragraphs v4.41
\linenopenalty=\count199
\output=\toks30
\linenoprevgraf=\count266
\linenumbersep=\dimen172
\linenumberwidth=\dimen173
\c@linenumber=\count267
\c@pagewiselinenumber=\count268
\c@LN@truepage=\count269


Package lineno Warning: Option [displaymath] is obsolete -- default now!.

\c@internallinenumber=\count270
\c@internallinenumbers=\count271
\quotelinenumbersep=\dimen174
\bframerule=\dimen175
\bframesep=\dimen176
\bframebox=\box51
LaTeX Info: Redefining \\ on input line 3056.
) (/usr/share/texlive/texmf-dist/tex/latex/natbib/natbib.sty
Package: natbib 2010/09/13 8.31b (PWD, AO)
\bibhang=\skip64
\bibsep=\skip65
LaTeX Info: Redefining \cite on input line 694.
\c@NAT@ctr=\count272
)
(/usr/share/texlive/texmf-dist/tex/latex/nowidow/nowidow.sty
Package: nowidow 2011/09/20 1.0 Easily prevent widows and orphans
Package: nowidow 

(/usr/share/texlive/texmf-dist/tex/latex/kvoptions/kvoptions.sty
Package: kvoptions 2019/11/29 v3.13 Key value format for package options (HO)

(/usr/share/texlive/texmf-dist/tex/generic/ltxcmds/ltxcmds.sty
Package: ltxcmds 2019/12/15 v1.24 LaTeX kernel commands for general use (HO)
)
(/usr/share/texlive/texmf-dist/tex/generic/kvsetkeys/kvsetkeys.sty
Package: kvsetkeys 2019/12/15 v1.18 Key value parser (HO)
)))
(/usr/share/texlive/texmf-dist/tex/latex/wrapfig/wrapfig.sty
\wrapoverhang=\dimen177
\WF@size=\dimen178
\c@WF@wrappedlines=\count273
\WF@box=\box52
\WF@everypar=\toks31
Package: wrapfig 2003/01/31  v 3.6
)
(/usr/share/texlive/texmf-dist/tex/latex/pdfpages/pdfpages.sty
Package: pdfpages 2020/01/28 v0.5q Insert pages of external PDF documents (AM)

(/usr/share/texlive/texmf-dist/tex/latex/eso-pic/eso-pic.sty
Package: eso-pic 2018/04/12 v2.0h eso-pic (RN)

(/usr/share/texlive/texmf-dist/tex/generic/atbegshi/atbegshi.sty
Package: atbegshi 2019/12/05 v1.19 At begin shipout hook (HO)

(/usr/share/texlive/texmf-dist/tex/generic/infwarerr/infwarerr.sty
Package: infwarerr 2019/12/03 v1.5 Providing info/warning/error messages (HO)
))
(/usr/share/texlive/texmf-dist/tex/latex/xcolor/xcolor.sty
Package: xcolor 2016/05/11 v2.12 LaTeX color extensions (UK)

(/usr/share/texlive/texmf-dist/tex/latex/graphics-cfg/color.cfg
File: color.cfg 2016/01/02 v1.6 sample color configuration
)
Package xcolor Info: Driver file: pdftex.def on input line 225.
Package xcolor Info: Model `cmy' substituted by `cmy0' on input line 1348.
Package xcolor Info: Model `hsb' substituted by `rgb' on input line 1352.
Package xcolor Info: Model `RGB' extended on input line 1364.
Package xcolor Info: Model `HTML' substituted by `rgb' on input line 1366.
Package xcolor Info: Model `Hsb' substituted by `hsb' on input line 1367.
Package xcolor Info: Model `tHsb' substituted by `hsb' on input line 1368.
Package xcolor Info: Model `HSB' substituted by `hsb' on input line 1369.
Package xcolor Info: Model `Gray' substituted by `gray' on input line 1370.
Package xcolor Info: Model `wave' substituted by `hsb' on input line 1371.
))
\AM@pagewidth=\dimen179
\AM@pageheight=\dimen180

(/usr/share/texlive/texmf-dist/tex/latex/pdfpages/pppdftex.def
File: pppdftex.def 2020/01/28 v0.5q Pdfpages driver for pdfTeX (AM)
)
\AM@pagebox=\box53
\AM@global@opts=\toks32
\AM@pagecnt=\count274
\AM@toc@title=\toks33
\c@AM@survey=\count275
\AM@templatesizebox=\box54
)
(/usr/share/texlive/texmf-dist/tex/latex/l3backend/l3backend-pdfmode.def
File: l3backend-pdfmode.def 2020-02-03 L3 backend support: PDF mode
\l__kernel_color_stack_int=\count276
\l__pdf_internal_box=\box55
)
(./PrestigeBias.aux)
\openout1 = `PrestigeBias.aux'.

LaTeX Font Info:    Checking defaults for OML/cmm/m/it on input line 31.
LaTeX Font Info:    ... okay on input line 31.
LaTeX Font Info:    Checking defaults for OMS/cmsy/m/n on input line 31.
LaTeX Font Info:    ... okay on input line 31.
LaTeX Font Info:    Checking defaults for OT1/cmr/m/n on input line 31.
LaTeX Font Info:    ... okay on input line 31.
LaTeX Font Info:    Checking defaults for T1/cmr/m/n on input line 31.
LaTeX Font Info:    ... okay on input line 31.
LaTeX Font Info:    Checking defaults for TS1/cmr/m/n on input line 31.
LaTeX Font Info:    ... okay on input line 31.
LaTeX Font Info:    Checking defaults for OMX/cmex/m/n on input line 31.
LaTeX Font Info:    ... okay on input line 31.
LaTeX Font Info:    Checking defaults for U/cmr/m/n on input line 31.
LaTeX Font Info:    ... okay on input line 31.

*geometry* driver: auto-detecting
*geometry* detected driver: pdftex
*geometry* verbose mode - [ preamble ] result:
* driver: pdftex
* paper: <default>
* layout: <same size as paper>
* layoutoffset:(h,v)=(0.0pt,0.0pt)
* modes: 
* h-part:(L,W,R)=(72.26999pt, 469.75502pt, 72.26999pt)
* v-part:(T,H,B)=(72.26999pt, 650.43001pt, 72.26999pt)
* \paperwidth=614.295pt
* \paperheight=794.96999pt
* \textwidth=469.75502pt
* \textheight=650.43001pt
* \oddsidemargin=0.0pt
* \evensidemargin=0.0pt
* \topmargin=-37.0pt
* \headheight=12.0pt
* \headsep=25.0pt
* \topskip=11.0pt
* \footskip=30.0pt
* \marginparwidth=59.0pt
* \marginparsep=10.0pt
* \columnsep=10.0pt
* \skip\footins=10.0pt plus 4.0pt minus 2.0pt
* \hoffset=0.0pt
* \voffset=0.0pt
* \mag=1000
* \@twocolumnfalse
* \@twosidefalse
* \@mparswitchfalse
* \@reversemarginfalse
* (1in=72.27pt=25.4mm, 1cm=28.453pt)

(/usr/share/texlive/texmf-dist/tex/context/base/mkii/supp-pdf.mkii
[Loading MPS to PDF converter (version 2006.09.02).]
\scratchcounter=\count277
\scratchdimen=\dimen181
\scratchbox=\box56
\nofMPsegments=\count278
\nofMParguments=\count279
\everyMPshowfont=\toks34
\MPscratchCnt=\count280
\MPscratchDim=\dimen182
\MPnumerator=\count281
\makeMPintoPDFobject=\count282
\everyMPtoPDFconversion=\toks35
) (/usr/share/texlive/texmf-dist/tex/latex/epstopdf-pkg/epstopdf-base.sty
Package: epstopdf-base 2020-01-24 v2.11 Base part for package epstopdf
Package epstopdf-base Info: Redefining graphics rule for `.eps' on input line 4
85.

(/usr/share/texlive/texmf-dist/tex/latex/latexconfig/epstopdf-sys.cfg
File: epstopdf-sys.cfg 2010/07/13 v1.3 Configuration of (r)epstopdf for TeX Liv
e
))
Package caption Info: Begin \AtBeginDocument code.
Package caption Info: float package is loaded.
Package caption Info: wrapfig package is loaded.
Package caption Info: End \AtBeginDocument code.
\AtBeginShipoutBox=\box57

(/usr/share/texlive/texmf-dist/tex/latex/pdflscape/pdflscape.sty
Package: pdflscape 2019/12/05 v0.12 Display of landscape pages in PDF (HO)

(/usr/share/texlive/texmf-dist/tex/latex/graphics/lscape.sty
Package: lscape 2000/10/22 v3.01 Landscape Pages (DPC)
)
Package pdflscape Info: Auto-detected driver: pdftex on input line 81.
) [1

{/var/lib/texmf/fonts/map/pdftex/updmap/pdftex.map}] (./PrestigeBias.toc)
\tf@toc=\write3
\openout3 = `PrestigeBias.toc'.

 [1]
Underfull \hbox (badness 10000) in paragraph at lines 81--87

 []


Underfull \hbox (badness 10000) in paragraph at lines 89--97

 []

[2

] [3]
LaTeX Font Info:    Trying to load font information for U+msa on input line 145
.
 (/usr/share/texlive/texmf-dist/tex/latex/amsfonts/umsa.fd
File: umsa.fd 2013/01/14 v3.01 AMS symbols A
)
LaTeX Font Info:    Trying to load font information for U+msb on input line 145
.

(/usr/share/texlive/texmf-dist/tex/latex/amsfonts/umsb.fd
File: umsb.fd 2013/01/14 v3.01 AMS symbols B
) [4] [5]
Underfull \hbox (badness 10000) in paragraph at lines 213--215

 []

[6]
Underfull \hbox (badness 10000) in paragraph at lines 251--256

 []

[7] [8] [9]
<../../graphs/chi_square_stats/chi_hist_homogenous_0_01.pdf, id=51, 433.62pt x 
289.08pt>
File: ../../graphs/chi_square_stats/chi_hist_homogenous_0_01.pdf Graphic file (
type pdf)
<use ../../graphs/chi_square_stats/chi_hist_homogenous_0_01.pdf>
Package pdftex.def Info: ../../graphs/chi_square_stats/chi_hist_homogenous_0_01
.pdf  used on input line 328.
(pdftex.def)             Requested size: 140.92793pt x 93.94987pt.
<../../graphs/chi_square_stats/chi_hist_homogenous_0_1.pdf, id=52, 433.62pt x 2
89.08pt>
File: ../../graphs/chi_square_stats/chi_hist_homogenous_0_1.pdf Graphic file (t
ype pdf)
<use ../../graphs/chi_square_stats/chi_hist_homogenous_0_1.pdf>
Package pdftex.def Info: ../../graphs/chi_square_stats/chi_hist_homogenous_0_1.
pdf  used on input line 332.
(pdftex.def)             Requested size: 140.92793pt x 93.94987pt.
<../../graphs/chi_square_stats/chi_hist_homogenous_J.pdf, id=53, 433.62pt x 289
.08pt>
File: ../../graphs/chi_square_stats/chi_hist_homogenous_J.pdf Graphic file (typ
e pdf)
<use ../../graphs/chi_square_stats/chi_hist_homogenous_J.pdf>
Package pdftex.def Info: ../../graphs/chi_square_stats/chi_hist_homogenous_J.pd
f  used on input line 336.
(pdftex.def)             Requested size: 140.92793pt x 93.94987pt.

Underfull \hbox (badness 10000) in paragraph at lines 348--350

 []

[10 <../../graphs/chi_square_stats/chi_hist_homogenous_0_01.pdf> <../../graphs/
chi_square_stats/chi_hist_homogenous_0_1.pdf

pdfTeX warning: /usr/bin/pdflatex (file ../../graphs/chi_square_stats/chi_hist_
homogenous_0_1.pdf): PDF inclusion: multiple pdfs with page group included in a
 single page
> <../../graphs/chi_square_stats/chi_hist_homogenous_J.pdf

pdfTeX warning: /usr/bin/pdflatex (file ../../graphs/chi_square_stats/chi_hist_
homogenous_J.pdf): PDF inclusion: multiple pdfs with page group included in a s
ingle page
>]
<../../graphs/binary/num_sims.pdf, id=157, 722.7pt x 361.35pt>
File: ../../graphs/binary/num_sims.pdf Graphic file (type pdf)
<use ../../graphs/binary/num_sims.pdf>
Package pdftex.def Info: ../../graphs/binary/num_sims.pdf  used on input line 3
55.
(pdftex.def)             Requested size: 469.75502pt x 234.88023pt.
<../../graphs/binary/full_vs_dm_mutation.pdf, id=158, 722.7pt x 361.35pt>
File: ../../graphs/binary/full_vs_dm_mutation.pdf Graphic file (type pdf)
<use ../../graphs/binary/full_vs_dm_mutation.pdf>
Package pdftex.def Info: ../../graphs/binary/full_vs_dm_mutation.pdf  used on i
nput line 368.
(pdftex.def)             Requested size: 469.75502pt x 234.88023pt.
<../../graphs/binary/full_vs_dm_changing_alpha.pdf, id=159, 722.7pt x 361.35pt>

File: ../../graphs/binary/full_vs_dm_changing_alpha.pdf Graphic file (type pdf)

<use ../../graphs/binary/full_vs_dm_changing_alpha.pdf>
Package pdftex.def Info: ../../graphs/binary/full_vs_dm_changing_alpha.pdf  use
d on input line 378.
(pdftex.def)             Requested size: 469.75502pt x 234.88023pt.
 [11 <../../graphs/binary/num_sims.pdf>] [12 <../../graphs/binary/full_vs_dm_mu
tation.pdf> <../../graphs/binary/full_vs_dm_changing_alpha.pdf

pdfTeX warning: /usr/bin/pdflatex (file ../../graphs/binary/full_vs_dm_changing
_alpha.pdf): PDF inclusion: multiple pdfs with page group included in a single 
page
>] [13] [14]
<../../graphs/binary/fix_prob_var_alpha.pdf, id=308, 433.62pt x 289.08pt>
File: ../../graphs/binary/fix_prob_var_alpha.pdf Graphic file (type pdf)
<use ../../graphs/binary/fix_prob_var_alpha.pdf>
Package pdftex.def Info: ../../graphs/binary/fix_prob_var_alpha.pdf  used on in
put line 505.
(pdftex.def)             Requested size: 230.18253pt x 153.45427pt.
<../../graphs/binary/fix_time_var_alpha.pdf, id=309, 433.62pt x 289.08pt>
File: ../../graphs/binary/fix_time_var_alpha.pdf Graphic file (type pdf)
<use ../../graphs/binary/fix_time_var_alpha.pdf>
Package pdftex.def Info: ../../graphs/binary/fix_time_var_alpha.pdf  used on in
put line 508.
(pdftex.def)             Requested size: 230.18253pt x 153.45427pt.
<../../graphs/binary/fix_prob_var_beta.pdf, id=310, 433.62pt x 289.08pt>
File: ../../graphs/binary/fix_prob_var_beta.pdf Graphic file (type pdf)
<use ../../graphs/binary/fix_prob_var_beta.pdf>
Package pdftex.def Info: ../../graphs/binary/fix_prob_var_beta.pdf  used on inp
ut line 518.
(pdftex.def)             Requested size: 230.18253pt x 153.45427pt.
<../../graphs/binary/fix_time_var_beta.pdf, id=311, 433.62pt x 289.08pt>
File: ../../graphs/binary/fix_time_var_beta.pdf Graphic file (type pdf)
<use ../../graphs/binary/fix_time_var_beta.pdf>
Package pdftex.def Info: ../../graphs/binary/fix_time_var_beta.pdf  used on inp
ut line 521.
(pdftex.def)             Requested size: 230.18253pt x 153.45427pt.
 [15] [16 <../../graphs/binary/fix_prob_var_alpha.pdf> <../../graphs/binary/fix
_time_var_alpha.pdf

pdfTeX warning: /usr/bin/pdflatex (file ../../graphs/binary/fix_time_var_alpha.
pdf): PDF inclusion: multiple pdfs with page group included in a single page
> <../../graphs/binary/fix_prob_var_beta.pdf

pdfTeX warning: /usr/bin/pdflatex (file ../../graphs/binary/fix_prob_var_beta.p
df): PDF inclusion: multiple pdfs with page group included in a single page
> <../../graphs/binary/fix_time_var_beta.pdf

pdfTeX warning: /usr/bin/pdflatex (file ../../graphs/binary/fix_time_var_beta.p
df): PDF inclusion: multiple pdfs with page group included in a single page
>] [17] [18]
<../../graphs/changed_env/ch_env_var_alpha.pdf, id=506, 433.62pt x 289.08pt>
File: ../../graphs/changed_env/ch_env_var_alpha.pdf Graphic file (type pdf)
<use ../../graphs/changed_env/ch_env_var_alpha.pdf>
Package pdftex.def Info: ../../graphs/changed_env/ch_env_var_alpha.pdf  used on
 input line 665.
(pdftex.def)             Requested size: 230.18253pt x 153.45427pt.
<../../graphs/changed_env/ch_env_var_beta.pdf, id=507, 433.62pt x 289.08pt>
File: ../../graphs/changed_env/ch_env_var_beta.pdf Graphic file (type pdf)
<use ../../graphs/changed_env/ch_env_var_beta.pdf>
Package pdftex.def Info: ../../graphs/changed_env/ch_env_var_beta.pdf  used on 
input line 669.
(pdftex.def)             Requested size: 230.18253pt x 153.45427pt.
 [19]
<../../graphs/changed_env/ch_env_var_k_div_l.pdf, id=511, 433.62pt x 289.08pt>
File: ../../graphs/changed_env/ch_env_var_k_div_l.pdf Graphic file (type pdf)
<use ../../graphs/changed_env/ch_env_var_k_div_l.pdf>
Package pdftex.def Info: ../../graphs/changed_env/ch_env_var_k_div_l.pdf  used 
on input line 685.
(pdftex.def)             Requested size: 230.18253pt x 153.45427pt.
<../../graphs/changed_env/ch_env_var_k_min_l.pdf, id=512, 433.62pt x 289.08pt>
File: ../../graphs/changed_env/ch_env_var_k_min_l.pdf Graphic file (type pdf)
<use ../../graphs/changed_env/ch_env_var_k_min_l.pdf>
Package pdftex.def Info: ../../graphs/changed_env/ch_env_var_k_min_l.pdf  used 
on input line 688.
(pdftex.def)             Requested size: 230.18253pt x 153.45427pt.
 [20 <../../graphs/changed_env/ch_env_var_alpha.pdf> <../../graphs/changed_env/
ch_env_var_beta.pdf

pdfTeX warning: /usr/bin/pdflatex (file ../../graphs/changed_env/ch_env_var_bet
a.pdf): PDF inclusion: multiple pdfs with page group included in a single page
> <../../graphs/changed_env/ch_env_var_k_div_l.pdf

pdfTeX warning: /usr/bin/pdflatex (file ../../graphs/changed_env/ch_env_var_k_d
iv_l.pdf): PDF inclusion: multiple pdfs with page group included in a single pa
ge
> <../../graphs/changed_env/ch_env_var_k_min_l.pdf

pdfTeX warning: /usr/bin/pdflatex (file ../../graphs/changed_env/ch_env_var_k_m
in_l.pdf): PDF inclusion: multiple pdfs with page group included in a single pa
ge
>] [21] [22

] (./PrestigeBias.bbl [23

]) [24] (./PrestigeBias.aux) ) 
Here is how much of TeX's memory you used:
 7205 strings out of 483065
 109496 string characters out of 5963549
 363403 words of memory out of 5000000
 22087 multiletter control sequences out of 15000+600000
 545454 words of font info for 72 fonts, out of 8000000 for 9000
 81 hyphenation exceptions out of 8191
 41i,20n,45p,744b,575s stack positions out of 5000i,500n,10000p,200000b,80000s
</usr/share/texlive/texmf-dist/fonts/type1/public
/amsfonts/cm/cmbx10.pfb></usr/share/texlive/texmf-dist/fonts/type1/public/amsfo
nts/cm/cmbx12.pfb></usr/share/texlive/texmf-dist/fonts/type1/public/amsfonts/cm
/cmbxti10.pfb></usr/share/texlive/texmf-dist/fonts/type1/public/amsfonts/cm/cme
x10.pfb></usr/share/texlive/texmf-dist/fonts/type1/public/amsfonts/cm/cmmi10.pf
b></usr/share/texlive/texmf-dist/fonts/type1/public/amsfonts/cm/cmmi6.pfb></usr
/share/texlive/texmf-dist/fonts/type1/public/amsfonts/cm/cmmi8.pfb></usr/share/
texlive/texmf-dist/fonts/type1/public/amsfonts/cm/cmmi9.pfb></usr/share/texlive
/texmf-dist/fonts/type1/public/amsfonts/cm/cmr10.pfb></usr/share/texlive/texmf-
dist/fonts/type1/public/amsfonts/cm/cmr12.pfb></usr/share/texlive/texmf-dist/fo
nts/type1/public/amsfonts/cm/cmr6.pfb></usr/share/texlive/texmf-dist/fonts/type
1/public/amsfonts/cm/cmr7.pfb></usr/share/texlive/texmf-dist/fonts/type1/public
/amsfonts/cm/cmr8.pfb></usr/share/texlive/texmf-dist/fonts/type1/public/amsfont
s/cm/cmr9.pfb></usr/share/texlive/texmf-dist/fonts/type1/public/amsfonts/cm/cms
s10.pfb></usr/share/texlive/texmf-dist/fonts/type1/public/amsfonts/cm/cmsy10.pf
b></usr/share/texlive/texmf-dist/fonts/type1/public/amsfonts/cm/cmsy6.pfb></usr
/share/texlive/texmf-dist/fonts/type1/public/amsfonts/cm/cmsy8.pfb></usr/share/
texlive/texmf-dist/fonts/type1/public/amsfonts/cm/cmsy9.pfb></usr/share/texlive
/texmf-dist/fonts/type1/public/amsfonts/cm/cmti10.pfb></usr/share/texlive/texmf
-dist/fonts/type1/public/amsfonts/symbols/msbm10.pfb>
Output written on PrestigeBias.pdf (25 pages, 478079 bytes).
PDF statistics:
 767 PDF objects out of 1000 (max. 8388607)
 243 compressed objects within 3 object streams
 0 named destinations out of 1000 (max. 500000)
 71 words of extra memory for PDF output out of 10000 (max. 10000000)

